<?xml version="1.0" encoding="UTF-8"?>
<testng-results ignored="0" total="1" passed="1" failed="0" skipped="0">
  <reporter-output>
  </reporter-output>
  <suite started-at="2022-07-26T13:09:31 IST" name="Suite" finished-at="2022-07-26T13:10:07 IST" duration-ms="35879">
    <groups>
    </groups>
    <test started-at="2022-07-26T13:09:31 IST" name="Test" finished-at="2022-07-26T13:10:07 IST" duration-ms="35879">
      <class name="com.Credor.qa.testcases.LoginTestScript">
        <test-method is-config="true" signature="setup()[pri:0, instance:com.Credor.qa.testcases.LoginTestScript@71def8f8]" started-at="2022-07-26T13:09:31 IST" name="setup" finished-at="2022-07-26T13:10:06 IST" duration-ms="35410" status="PASS">
          <reporter-output>
          </reporter-output>
        </test-method> <!-- setup -->
        <test-method signature="logintest()[pri:0, instance:com.Credor.qa.testcases.LoginTestScript@71def8f8]" started-at="2022-07-26T13:10:06 IST" name="logintest" finished-at="2022-07-26T13:10:07 IST" duration-ms="430" status="PASS">
          <reporter-output>
          </reporter-output>
        </test-method> <!-- logintest -->
        <test-method is-config="true" signature="teardown()[pri:0, instance:com.Credor.qa.testcases.LoginTestScript@71def8f8]" started-at="2022-07-26T13:10:07 IST" name="teardown" finished-at="2022-07-26T13:10:07 IST" duration-ms="1" status="PASS">
          <reporter-output>
          </reporter-output>
        </test-method> <!-- teardown -->
      </class> <!-- com.Credor.qa.testcases.LoginTestScript -->
    </test> <!-- Test -->
  </suite> <!-- Suite -->
</testng-results>
